<?xml version="1.0" encoding="UTF-8"?>
<testsuite name="com.studentapp.cucumber.StudentRunner" time="2.915" tests="12" errors="0" skipped="0" failures="0">
  <properties>
[...]
</properties>
  <testcase name="When User sends a GET request to the list endpoint,they must get back a valid status code 200" classname="Scenario: Check if the student application can be accessed by users" time="0.002"/>
  <testcase name="Scenario: Check if the student application can be accessed by users" classname="Scenario: Check if the student application can be accessed by users" time="2.632"/>
  <testcase name="When I create a new student by providing the information firstName Declan lastName Smith email nnon.ante.bibendum@risusDonecegestas.edu programme Computer Science courses Java" classname="| Declan | Smith | nnon.ante.bibendum@risusDonecegestas.edu | Computer Science | Java |" time="0"/>
  <testcase name="Then I verify that the student with nnon.ante.bibendum@risusDonecegestas.edu is created" classname="| Declan | Smith | nnon.ante.bibendum@risusDonecegestas.edu | Computer Science | Java |" time="0"/>
  <testcase name="| Declan | Smith | nnon.ante.bibendum@risusDonecegestas.edu | Computer Science | Java |" classname="| Declan | Smith | nnon.ante.bibendum@risusDonecegestas.edu | Computer Science | Java |" time="0.006"/>
  <testcase name="When I create a new student by providing the information firstName Mark lastName Taylor email nnon2.ante.bibendum@risusDonecegestas.edu programme Computer Science courses Java" classname="| Mark | Taylor | nnon2.ante.bibendum@risusDonecegestas.edu | Computer Science | Java |" time="0"/>
  <testcase name="Then I verify that the student with nnon2.ante.bibendum@risusDonecegestas.edu is created" classname="| Mark | Taylor | nnon2.ante.bibendum@risusDonecegestas.edu | Computer Science | Java |" time="0"/>
  <testcase name="| Mark | Taylor | nnon2.ante.bibendum@risusDonecegestas.edu | Computer Science | Java |" classname="| Mark | Taylor | nnon2.ante.bibendum@risusDonecegestas.edu | Computer Science | Java |" time="0.175"/>
  <testcase name="Given a student app url" classname="Scenario: scenario description" time="0"/>
  <testcase name="When student get request is hit" classname="Scenario: scenario description" time="0"/>
  <testcase name="Then response code should return &apos;200&apos; status code" classname="Scenario: scenario description" time="0"/>
  <testcase name="Scenario: scenario description" classname="Scenario: scenario description" time="0.1"/>
</testsuite>